# JRE version: Java(TM) SE Runtime Environment (14.0.1+7) (build 14.0.1+7)
# Java VM: Java HotSpot(TM) 64-Bit Server VM (14.0.1+7, mixed mode, tiered, g1 gc, windows-amd64)
Heap:
 garbage-first heap   total 2457600K, used 1448366K [0x00000277e8800000, 0x00000283e8800000)
  region size 8192K, 2 young (16384K), 1 survivors (8192K)
 Metaspace       used 27990K, capacity 28300K, committed 28416K, reserved 28672K
GC Heap History (20 events):
Event: 18.040 GC heap before
{Heap before GC invocations=11 (full 0):
 garbage-first heap   total 114688K, used 61498K [0x00000277e8800000, 0x00000283e8800000)
  region size 8192K, 2 young (16384K), 1 survivors (8192K)
 Metaspace       used 23608K, capacity 23888K, committed 24064K, reserved 24576K
}
Event: 18.042 GC heap after
{Heap after GC invocations=12 (full 0):
 garbage-first heap   total 114688K, used 58300K [0x00000277e8800000, 0x00000283e8800000)
  region size 8192K, 1 young (8192K), 1 survivors (8192K)
 Metaspace       used 23608K, capacity 23888K, committed 24064K, reserved 24576K
}
Event: 18.231 GC heap before
{Heap before GC invocations=12 (full 0):
 garbage-first heap   total 114688K, used 66492K [0x00000277e8800000, 0x00000283e8800000)
  region size 8192K, 2 young (16384K), 1 survivors (8192K)
 Metaspace       used 23608K, capacity 23888K, committed 24064K, reserved 24576K
}
Event: 18.234 GC heap after
{Heap after GC invocations=13 (full 0):
 garbage-first heap   total 114688K, used 63140K [0x00000277e8800000, 0x00000283e8800000)
  region size 8192K, 1 young (8192K), 1 survivors (8192K)
 Metaspace       used 23608K, capacity 23888K, committed 24064K, reserved 24576K
}
Event: 18.440 GC heap before
{Heap before GC invocations=14 (full 0):
 garbage-first heap   total 139264K, used 71332K [0x00000277e8800000, 0x00000283e8800000)
  region size 8192K, 2 young (16384K), 1 survivors (8192K)
 Metaspace       used 23608K, capacity 23888K, committed 24064K, reserved 24576K
}
Event: 18.443 GC heap after
{Heap after GC invocations=15 (full 0):
 garbage-first heap   total 139264K, used 68369K [0x00000277e8800000, 0x00000283e8800000)
  region size 8192K, 1 young (8192K), 1 survivors (8192K)
 Metaspace       used 23608K, capacity 23888K, committed 24064K, reserved 24576K
}
Event: 18.817 GC heap before
{Heap before GC invocations=15 (full 0):
 garbage-first heap   total 139264K, used 84753K [0x00000277e8800000, 0x00000283e8800000)
  region size 8192K, 3 young (24576K), 1 survivors (8192K)
 Metaspace       used 23608K, capacity 23888K, committed 24064K, reserved 24576K
}
Event: 18.822 GC heap after
{Heap after GC invocations=16 (full 0):
 garbage-first heap   total 139264K, used 78371K [0x00000277e8800000, 0x00000283e8800000)
  region size 8192K, 1 young (8192K), 1 survivors (8192K)
 Metaspace       used 23608K, capacity 23888K, committed 24064K, reserved 24576K
}
Event: 19.077 GC heap before
{Heap before GC invocations=17 (full 0):
 garbage-first heap   total 155648K, used 86563K [0x00000277e8800000, 0x00000283e8800000)
  region size 8192K, 2 young (16384K), 1 survivors (8192K)
 Metaspace       used 23610K, capacity 23888K, committed 24064K, reserved 24576K
}
Event: 19.081 GC heap after
{Heap after GC invocations=18 (full 0):
 garbage-first heap   total 155648K, used 84292K [0x00000277e8800000, 0x00000283e8800000)
  region size 8192K, 1 young (8192K), 1 survivors (8192K)
 Metaspace       used 23610K, capacity 23888K, committed 24064K, reserved 24576K
}
Event: 19.470 GC heap before
{Heap before GC invocations=18 (full 0):
 garbage-first heap   total 155648K, used 100676K [0x00000277e8800000, 0x00000283e8800000)
  region size 8192K, 3 young (24576K), 1 survivors (8192K)
 Metaspace       used 23612K, capacity 23888K, committed 24064K, reserved 24576K
}
Event: 19.474 GC heap after
{Heap after GC invocations=19 (full 0):
 garbage-first heap   total 155648K, used 93471K [0x00000277e8800000, 0x00000283e8800000)
  region size 8192K, 1 young (8192K), 1 survivors (8192K)
 Metaspace       used 23612K, capacity 23888K, committed 24064K, reserved 24576K
}
Event: 19.749 GC heap before
{Heap before GC invocations=20 (full 0):
 garbage-first heap   total 180224K, used 101663K [0x00000277e8800000, 0x00000283e8800000)
  region size 8192K, 2 young (16384K), 1 survivors (8192K)
 Metaspace       used 23612K, capacity 23888K, committed 24064K, reserved 24576K
}
Event: 19.752 GC heap after
{Heap after GC invocations=21 (full 0):
 garbage-first heap   total 180224K, used 98671K [0x00000277e8800000, 0x00000283e8800000)
  region size 8192K, 1 young (8192K), 1 survivors (8192K)
 Metaspace       used 23612K, capacity 23888K, committed 24064K, reserved 24576K
}
Event: 20.109 GC heap before
{Heap before GC invocations=21 (full 0):
 garbage-first heap   total 180224K, used 106863K [0x00000277e8800000, 0x00000283e8800000)
  region size 8192K, 3 young (24576K), 1 survivors (8192K)
 Metaspace       used 23612K, capacity 23888K, committed 24064K, reserved 24576K
}
Event: 20.115 GC heap after
{Heap after GC invocations=22 (full 0):
 garbage-first heap   total 614400K, used 108241K [0x00000277e8800000, 0x00000283e8800000)
  region size 8192K, 1 young (8192K), 1 survivors (8192K)
 Metaspace       used 23612K, capacity 23888K, committed 24064K, reserved 24576K
}
Event: 271.695 GC heap before
{Heap before GC invocations=23 (full 0):
 garbage-first heap   total 409600K, used 206545K [0x00000277e8800000, 0x00000283e8800000)
  region size 8192K, 15 young (122880K), 1 survivors (8192K)
 Metaspace       used 27988K, capacity 28300K, committed 28416K, reserved 28672K
}
Event: 271.708 GC heap after
{Heap after GC invocations=24 (full 0):
 garbage-first heap   total 409600K, used 143827K [0x00000277e8800000, 0x00000283e8800000)
  region size 8192K, 3 young (24576K), 3 survivors (24576K)
 Metaspace       used 27988K, capacity 28300K, committed 28416K, reserved 28672K
}
Event: 272.065 GC heap before
{Heap before GC invocations=25 (full 0):
 garbage-first heap   total 1720320K, used 1012179K [0x00000277e8800000, 0x00000283e8800000)
  region size 8192K, 4 young (32768K), 3 survivors (24576K)
 Metaspace       used 27990K, capacity 28300K, committed 28416K, reserved 28672K
}
Event: 272.071 GC heap after
{Heap after GC invocations=26 (full 0):
 garbage-first heap   total 1720320K, used 1014190K [0x00000277e8800000, 0x00000283e8800000)
  region size 8192K, 1 young (8192K), 1 survivors (8192K)
 Metaspace       used 27990K, capacity 28300K, committed 28416K, reserved 28672K
}

